d:\workspace\ece6122\4\pacman-3d-master\src\maquette\debug\vc142.pdb
d:\workspace\ece6122\4\pacman-3d-master\src\maquette\debug\vc142.idb
d:\workspace\ece6122\4\pacman-3d-master\src\maquette\debug\world.obj
d:\workspace\ece6122\4\pacman-3d-master\src\maquette\debug\view3d.obj
d:\workspace\ece6122\4\pacman-3d-master\src\maquette\debug\view2d.obj
d:\workspace\ece6122\4\pacman-3d-master\src\maquette\debug\view.obj
d:\workspace\ece6122\4\pacman-3d-master\src\maquette\debug\pacman.obj
d:\workspace\ece6122\4\pacman-3d-master\src\maquette\debug\model.obj
d:\workspace\ece6122\4\pacman-3d-master\src\maquette\debug\mobile.obj
d:\workspace\ece6122\4\pacman-3d-master\src\maquette\debug\main.obj
d:\workspace\ece6122\4\pacman-3d-master\src\maquette\debug\ghost.obj
d:\workspace\ece6122\4\pacman-3d-master\src\maquette\debug\controller.obj
d:\workspace\ece6122\4\pacman-3d-master\src\maquette\debug\cell.obj
d:\workspace\ece6122\4\pacman-3d-master\src\debug\pacman.exe
d:\workspace\ece6122\4\pacman-3d-master\src\debug\pacman.ilk
d:\workspace\ece6122\4\pacman-3d-master\src\debug\pacman.pdb
d:\workspace\ece6122\4\pacman-3d-master\src\maquette\debug\pacman.res
d:\workspace\ece6122\4\pacman-3d-master\src\maquette\debug\pacman.tlog\cl.command.1.tlog
d:\workspace\ece6122\4\pacman-3d-master\src\maquette\debug\pacman.tlog\cl.read.1.tlog
d:\workspace\ece6122\4\pacman-3d-master\src\maquette\debug\pacman.tlog\cl.write.1.tlog
d:\workspace\ece6122\4\pacman-3d-master\src\maquette\debug\pacman.tlog\link.30508.delete.1.tlog
d:\workspace\ece6122\4\pacman-3d-master\src\maquette\debug\pacman.tlog\link.command.1.tlog
d:\workspace\ece6122\4\pacman-3d-master\src\maquette\debug\pacman.tlog\link.read.1.tlog
d:\workspace\ece6122\4\pacman-3d-master\src\maquette\debug\pacman.tlog\link.write.1.tlog
d:\workspace\ece6122\4\pacman-3d-master\src\maquette\debug\pacman.tlog\rc.command.1.tlog
d:\workspace\ece6122\4\pacman-3d-master\src\maquette\debug\pacman.tlog\rc.read.1.tlog
d:\workspace\ece6122\4\pacman-3d-master\src\maquette\debug\pacman.tlog\rc.write.1.tlog
