d:\workspace\ece6122\4\final_project\project\debug\vc142.pdb
d:\workspace\ece6122\4\final_project\project\debug\vc142.idb
d:\workspace\ece6122\4\final_project\project\debug\world.obj
d:\workspace\ece6122\4\final_project\project\debug\display.obj
d:\workspace\ece6122\4\final_project\project\debug\controller.obj
d:\workspace\ece6122\4\final_project\project\debug\model.obj
d:\workspace\ece6122\4\final_project\project\debug\main.obj
d:\workspace\ece6122\4\final_project\project\debug\cell.obj
d:\workspace\ece6122\4\final_project\project\debug\pacman.obj
d:\workspace\ece6122\4\final_project\project\debug\mobile.obj
d:\workspace\ece6122\4\final_project\project\debug\ghost.obj
d:\workspace\ece6122\4\final_project\project\project.exe
d:\workspace\ece6122\4\final_project\project\project.ilk
d:\workspace\ece6122\4\final_project\project\project.pdb
d:\workspace\ece6122\4\final_project\project\debug\controller.obj.enc
d:\workspace\ece6122\4\final_project\project\debug\project.tlog\cl.command.1.tlog
d:\workspace\ece6122\4\final_project\project\debug\project.tlog\cl.read.1.tlog
d:\workspace\ece6122\4\final_project\project\debug\project.tlog\cl.write.1.tlog
d:\workspace\ece6122\4\final_project\project\debug\project.tlog\link.24988.delete.1.tlog
d:\workspace\ece6122\4\final_project\project\debug\project.tlog\link.43884.delete.1.tlog
d:\workspace\ece6122\4\final_project\project\debug\project.tlog\link.50792.delete.1.tlog
d:\workspace\ece6122\4\final_project\project\debug\project.tlog\link.52576.delete.1.tlog
d:\workspace\ece6122\4\final_project\project\debug\project.tlog\link.command.1.tlog
d:\workspace\ece6122\4\final_project\project\debug\project.tlog\link.read.1.tlog
d:\workspace\ece6122\4\final_project\project\debug\project.tlog\link.write.1.tlog
